Línea 36: la clase TabDlg.SSTab del control SSTab1 no era una clase de control cargada.
Línea 42: el nombre de la propiedad _ExtentX de SSTab1 no es válido.
Línea 43: el nombre de la propiedad _ExtentY de SSTab1 no es válido.
Línea 44: el nombre de la propiedad _Version de SSTab1 no es válido.
Línea 45: el nombre de la propiedad TabsPerRow de SSTab1 no es válido.
Línea 46: el nombre de la propiedad TabHeight de SSTab1 no es válido.
Línea 47: el nombre de la propiedad TabCaption(0) de SSTab1 no es válido.
Línea 48: el nombre de la propiedad TabPicture(0) de SSTab1 no es válido.
Línea 49: el nombre de la propiedad Tab(0).ControlEnabled de SSTab1 no es válido.
Línea 50: el nombre de la propiedad Tab(0).Control(0) de SSTab1 no es válido.
Línea 51: el nombre de la propiedad Tab(0).Control(0).Enabled de SSTab1 no es válido.
Línea 52: el nombre de la propiedad Tab(0).Control(1) de SSTab1 no es válido.
Línea 53: el nombre de la propiedad Tab(0).Control(1).Enabled de SSTab1 no es válido.
Línea 54: el nombre de la propiedad Tab(0).Control(2) de SSTab1 no es válido.
Línea 55: el nombre de la propiedad Tab(0).Control(2).Enabled de SSTab1 no es válido.
Línea 56: el nombre de la propiedad Tab(0).Control(3) de SSTab1 no es válido.
Línea 57: el nombre de la propiedad Tab(0).Control(3).Enabled de SSTab1 no es válido.
Línea 58: el nombre de la propiedad Tab(0).Control(4) de SSTab1 no es válido.
Línea 59: el nombre de la propiedad Tab(0).Control(4).Enabled de SSTab1 no es válido.
Línea 60: el nombre de la propiedad Tab(0).ControlCount de SSTab1 no es válido.
Línea 61: el nombre de la propiedad TabCaption(1) de SSTab1 no es válido.
Línea 62: el nombre de la propiedad TabPicture(1) de SSTab1 no es válido.
Línea 63: el nombre de la propiedad Tab(1).ControlEnabled de SSTab1 no es válido.
Línea 64: el nombre de la propiedad Tab(1).ControlCount de SSTab1 no es válido.
Línea 65: el nombre de la propiedad TabCaption(2) de SSTab1 no es válido.
Línea 66: el nombre de la propiedad TabPicture(2) de SSTab1 no es válido.
Línea 67: el nombre de la propiedad Tab(2).ControlEnabled de SSTab1 no es válido.
Línea 68: el nombre de la propiedad Tab(2).Control(0) de SSTab1 no es válido.
Línea 69: el nombre de la propiedad Tab(2).Control(1) de SSTab1 no es válido.
Línea 70: el nombre de la propiedad Tab(2).ControlCount de SSTab1 no es válido.
Línea 42: el nombre de la propiedad _ExtentX de SSTab1 no es válido.
Línea 43: el nombre de la propiedad _ExtentY de SSTab1 no es válido.
Línea 44: el nombre de la propiedad _Version de SSTab1 no es válido.
Línea 45: el nombre de la propiedad TabsPerRow de SSTab1 no es válido.
Línea 46: el nombre de la propiedad TabHeight de SSTab1 no es válido.
Línea 47: el nombre de la propiedad TabCaption(0) de SSTab1 no es válido.
Línea 48: el nombre de la propiedad TabPicture(0) de SSTab1 no es válido.
Línea 49: el nombre de la propiedad Tab(0).ControlEnabled de SSTab1 no es válido.
Línea 50: el nombre de la propiedad Tab(0).Control(0) de SSTab1 no es válido.
Línea 51: el nombre de la propiedad Tab(0).Control(0).Enabled de SSTab1 no es válido.
Línea 52: el nombre de la propiedad Tab(0).Control(1) de SSTab1 no es válido.
Línea 53: el nombre de la propiedad Tab(0).Control(1).Enabled de SSTab1 no es válido.
Línea 54: el nombre de la propiedad Tab(0).Control(2) de SSTab1 no es válido.
Línea 55: el nombre de la propiedad Tab(0).Control(2).Enabled de SSTab1 no es válido.
Línea 56: el nombre de la propiedad Tab(0).Control(3) de SSTab1 no es válido.
Línea 57: el nombre de la propiedad Tab(0).Control(3).Enabled de SSTab1 no es válido.
Línea 58: el nombre de la propiedad Tab(0).Control(4) de SSTab1 no es válido.
Línea 59: el nombre de la propiedad Tab(0).Control(4).Enabled de SSTab1 no es válido.
Línea 60: el nombre de la propiedad Tab(0).ControlCount de SSTab1 no es válido.
Línea 61: el nombre de la propiedad TabCaption(1) de SSTab1 no es válido.
Línea 62: el nombre de la propiedad TabPicture(1) de SSTab1 no es válido.
Línea 63: el nombre de la propiedad Tab(1).ControlEnabled de SSTab1 no es válido.
Línea 64: el nombre de la propiedad Tab(1).ControlCount de SSTab1 no es válido.
Línea 65: el nombre de la propiedad TabCaption(2) de SSTab1 no es válido.
Línea 66: el nombre de la propiedad TabPicture(2) de SSTab1 no es válido.
Línea 67: el nombre de la propiedad Tab(2).ControlEnabled de SSTab1 no es válido.
Línea 68: el nombre de la propiedad Tab(2).Control(0) de SSTab1 no es válido.
Línea 69: el nombre de la propiedad Tab(2).Control(1) de SSTab1 no es válido.
Línea 70: el nombre de la propiedad Tab(2).ControlCount de SSTab1 no es válido.
